[Wed Mar 08 14:24:40 MST 2023] - INFO passoff.ServerTest: 	Setting up Realistic Fill Birth Test...
[Wed Mar 08 14:24:41 MST 2023] - INFO client.Proxy: 	Clear called
[Wed Mar 08 14:24:41 MST 2023] - INFO client.Client: 	Post without Request Body called
[Wed Mar 08 14:24:41 MST 2023] - INFO client.Client: 	Attempting to open connection to server
[Wed Mar 08 14:24:41 MST 2023] - INFO client.Client: 	Connection opened to server
[Wed Mar 08 14:24:41 MST 2023] - INFO client.Client: 	Setting passoffrequest method to POST
[Wed Mar 08 14:24:41 MST 2023] - INFO client.Client: 	Request method set to POST
[Wed Mar 08 14:24:41 MST 2023] - INFO client.Client: 	Setting Do Output to true
[Wed Mar 08 14:24:41 MST 2023] - INFO client.Client: 	Do Output set to true
[Wed Mar 08 14:24:41 MST 2023] - INFO client.Client: 	Connecting to server
[Wed Mar 08 14:24:41 MST 2023] - INFO client.Client: 	Connected to server
[Wed Mar 08 14:24:41 MST 2023] - INFO client.Client: 	Getting response code from server
[Wed Mar 08 14:24:41 MST 2023] - INFO client.Client: 	Response code 400 returned
[Wed Mar 08 14:24:41 MST 2023] - INFO client.Client: 	Getting input stream from server
[Wed Mar 08 14:24:41 MST 2023] - INFO client.Client: 	Reading input stream into a string
[Wed Mar 08 14:24:41 MST 2023] - INFO passoff.ServerTest: 	Running Realistic Fill Birth Test...
[Wed Mar 08 14:24:44 MST 2023] - INFO client.Proxy: 	Register called
[Wed Mar 08 14:24:44 MST 2023] - INFO client.Client: 	Post with Request Body called
[Wed Mar 08 14:24:44 MST 2023] - INFO client.Client: 	Attempting to open connection to server
[Wed Mar 08 14:24:44 MST 2023] - INFO client.Client: 	Connection opened to server
[Wed Mar 08 14:24:44 MST 2023] - INFO client.Client: 	Setting passoffrequest method to POST
[Wed Mar 08 14:24:44 MST 2023] - INFO client.Client: 	Request method set to POST
[Wed Mar 08 14:24:44 MST 2023] - INFO client.Client: 	Setting Do Output to true
[Wed Mar 08 14:24:44 MST 2023] - INFO client.Client: 	Do Output set to true
[Wed Mar 08 14:24:44 MST 2023] - INFO client.Client: 	Connecting to server
[Wed Mar 08 14:24:44 MST 2023] - INFO client.Client: 	Connected to server
[Wed Mar 08 14:24:44 MST 2023] - INFO client.Client: 	Opening output stream to server
[Wed Mar 08 14:24:44 MST 2023] - INFO client.Client: 	Writing passoffrequest to server output stream
[Wed Mar 08 14:24:44 MST 2023] - INFO client.Client: 	Request written to server output stream
[Wed Mar 08 14:24:44 MST 2023] - INFO client.Client: 	Closing output stream to server
[Wed Mar 08 14:24:44 MST 2023] - INFO client.Client: 	Output stream to server closed
[Wed Mar 08 14:24:44 MST 2023] - INFO client.Client: 	Getting response code from server
[Wed Mar 08 14:27:56 MST 2023] - INFO client.Client: 	Response code 200 returned
[Wed Mar 08 14:27:56 MST 2023] - INFO client.Client: 	Getting input stream from server
[Wed Mar 08 14:27:56 MST 2023] - INFO client.Client: 	Reading input stream into a string
[Wed Mar 08 14:28:42 MST 2023] - INFO client.Proxy: 	Persons called
[Wed Mar 08 14:28:42 MST 2023] - INFO client.Client: 	Get with Auth Token called
[Wed Mar 08 14:28:42 MST 2023] - INFO client.Client: 	Attempting to open connection to server
[Wed Mar 08 14:28:42 MST 2023] - INFO client.Client: 	Connection opened to server
[Wed Mar 08 14:28:42 MST 2023] - INFO client.Client: 	Setting passoffrequest method to GET
[Wed Mar 08 14:28:42 MST 2023] - INFO client.Client: 	Request method set to GET
[Wed Mar 08 14:28:42 MST 2023] - INFO client.Client: 	Setting Do Output to false
[Wed Mar 08 14:28:42 MST 2023] - INFO client.Client: 	Do Output set to false
[Wed Mar 08 14:28:42 MST 2023] - INFO client.Client: 	Adding Auth token a9b9aac6-0741-4ed6-be38-8687514fe246
[Wed Mar 08 14:28:42 MST 2023] - INFO client.Client: 	Auth token set to a9b9aac6-0741-4ed6-be38-8687514fe246
[Wed Mar 08 14:28:42 MST 2023] - INFO client.Client: 	Connecting to server
[Wed Mar 08 14:28:42 MST 2023] - INFO client.Client: 	Connected to server
[Wed Mar 08 14:28:42 MST 2023] - INFO client.Client: 	Getting response code from server
[Wed Mar 08 14:28:42 MST 2023] - INFO client.Client: 	Response code 200 returned
[Wed Mar 08 14:28:42 MST 2023] - INFO client.Client: 	Getting input stream from server
[Wed Mar 08 14:28:42 MST 2023] - INFO client.Client: 	Reading input stream into a string
[Wed Mar 08 14:28:51 MST 2023] - INFO client.Proxy: 	Events called
[Wed Mar 08 14:28:51 MST 2023] - INFO client.Client: 	Get with Auth Token called
[Wed Mar 08 14:28:51 MST 2023] - INFO client.Client: 	Attempting to open connection to server
[Wed Mar 08 14:28:51 MST 2023] - INFO client.Client: 	Connection opened to server
[Wed Mar 08 14:28:51 MST 2023] - INFO client.Client: 	Setting passoffrequest method to GET
[Wed Mar 08 14:28:51 MST 2023] - INFO client.Client: 	Request method set to GET
[Wed Mar 08 14:28:51 MST 2023] - INFO client.Client: 	Setting Do Output to false
[Wed Mar 08 14:28:51 MST 2023] - INFO client.Client: 	Do Output set to false
[Wed Mar 08 14:28:51 MST 2023] - INFO client.Client: 	Adding Auth token a9b9aac6-0741-4ed6-be38-8687514fe246
[Wed Mar 08 14:28:51 MST 2023] - INFO client.Client: 	Auth token set to a9b9aac6-0741-4ed6-be38-8687514fe246
[Wed Mar 08 14:28:51 MST 2023] - INFO client.Client: 	Connecting to server
[Wed Mar 08 14:28:51 MST 2023] - INFO client.Client: 	Connected to server
[Wed Mar 08 14:28:51 MST 2023] - INFO client.Client: 	Getting response code from server
[Wed Mar 08 14:28:51 MST 2023] - INFO client.Client: 	Response code 404 returned
[Wed Mar 08 14:28:51 MST 2023] - INFO client.Client: 	Getting input stream from server
[Wed Mar 08 14:28:51 MST 2023] - INFO client.Client: 	Reading input stream into a string
